This is pdfTeX, Version 3.14159265-2.6-1.40.18 (MiKTeX 2.9.6350 64-bit) (preloaded format=pdflatex 2017.10.13)  14 OCT 2017 04:13
entering extended mode
**./chap3_paper_new.tex
(chap3_paper_new.tex
LaTeX2e <2017-04-15>
Babel <3.10> and hyphenation patterns for 75 language(s) loaded.
(agujournal.cls
Document Class: agujournal 08/06/2016
("C:\Program Files\MiKTeX 2.9\tex\latex\newtx\newtxtext.sty"
Package: newtxtext 2017/08/18 v1.526

`newtxtext' v1.526, 2017/08/18 Text macros taking advantage of TeX-Gyre Termes 
fonts (msharpe) ("C:\Program Files\MiKTeX 2.9\tex\latex\fontaxes\fontaxes.sty"
Package: fontaxes 2014/03/23 v1.0d Font selection axes
LaTeX Info: Redefining \upshape on input line 29.
LaTeX Info: Redefining \itshape on input line 31.
LaTeX Info: Redefining \slshape on input line 33.
LaTeX Info: Redefining \scshape on input line 37.
)
\ntx@fs=\dimen102
("C:\Program Files\MiKTeX 2.9\tex\latex\xkeyval\xkeyval.sty"
Package: xkeyval 2014/12/03 v2.7a package option processing (HA)

("C:\Program Files\MiKTeX 2.9\tex\generic\xkeyval\xkeyval.tex"
("C:\Program Files\MiKTeX 2.9\tex\generic\xkeyval\xkvutils.tex"
\XKV@toks=\toks14
\XKV@tempa@toks=\toks15

("C:\Program Files\MiKTeX 2.9\tex\generic\xkeyval\keyval.tex"))
\XKV@depth=\count79
File: xkeyval.tex 2014/12/03 v2.7a key=value parser (HA)
))
("C:\Program Files\MiKTeX 2.9\tex\latex\etoolbox\etoolbox.sty"
Package: etoolbox 2017/01/02 v2.4 e-TeX tools for LaTeX (JAW)
\etb@tempcnta=\count80
)
("C:\Program Files\MiKTeX 2.9\tex\latex\base\fontenc.sty"
Package: fontenc 2017/04/05 v2.0i Standard LaTeX package

("C:\Program Files\MiKTeX 2.9\tex\latex\base\t1enc.def"
File: t1enc.def 2017/04/05 v2.0i Standard LaTeX file
LaTeX Font Info:    Redeclaring font encoding T1 on input line 48.
))
("C:\Program Files\MiKTeX 2.9\tex\latex\base\textcomp.sty"
Package: textcomp 2017/04/05 v2.0i Standard LaTeX package
Package textcomp Info: Sub-encoding information:
(textcomp)               5 = only ISO-Adobe without \textcurrency
(textcomp)               4 = 5 + \texteuro
(textcomp)               3 = 4 + \textohm
(textcomp)               2 = 3 + \textestimated + \textcurrency
(textcomp)               1 = TS1 - \textcircled - \t
(textcomp)               0 = TS1 (full)
(textcomp)             Font families with sub-encoding setting implement
(textcomp)             only a restricted character set as indicated.
(textcomp)             Family '?' is the default used for unknown fonts.
(textcomp)             See the documentation for details.
Package textcomp Info: Setting ? sub-encoding to TS1/1 on input line 79.
Package textcomp Info: Changing ? sub-encoding to TS1/0 on input line 80.

("C:\Program Files\MiKTeX 2.9\tex\latex\base\ts1enc.def"
File: ts1enc.def 2001/06/05 v3.0e (jk/car/fm) Standard LaTeX file
)
LaTeX Info: Redefining \oldstylenums on input line 334.
Package textcomp Info: Setting cmr sub-encoding to TS1/0 on input line 349.
Package textcomp Info: Setting cmss sub-encoding to TS1/0 on input line 350.
Package textcomp Info: Setting cmtt sub-encoding to TS1/0 on input line 351.
Package textcomp Info: Setting cmvtt sub-encoding to TS1/0 on input line 352.
Package textcomp Info: Setting cmbr sub-encoding to TS1/0 on input line 353.
Package textcomp Info: Setting cmtl sub-encoding to TS1/0 on input line 354.
Package textcomp Info: Setting ccr sub-encoding to TS1/0 on input line 355.
Package textcomp Info: Setting ptm sub-encoding to TS1/4 on input line 356.
Package textcomp Info: Setting pcr sub-encoding to TS1/4 on input line 357.
Package textcomp Info: Setting phv sub-encoding to TS1/4 on input line 358.
Package textcomp Info: Setting ppl sub-encoding to TS1/3 on input line 359.
Package textcomp Info: Setting pag sub-encoding to TS1/4 on input line 360.
Package textcomp Info: Setting pbk sub-encoding to TS1/4 on input line 361.
Package textcomp Info: Setting pnc sub-encoding to TS1/4 on input line 362.
Package textcomp Info: Setting pzc sub-encoding to TS1/4 on input line 363.
Package textcomp Info: Setting bch sub-encoding to TS1/4 on input line 364.
Package textcomp Info: Setting put sub-encoding to TS1/5 on input line 365.
Package textcomp Info: Setting uag sub-encoding to TS1/5 on input line 366.
Package textcomp Info: Setting ugq sub-encoding to TS1/5 on input line 367.
Package textcomp Info: Setting ul8 sub-encoding to TS1/4 on input line 368.
Package textcomp Info: Setting ul9 sub-encoding to TS1/4 on input line 369.
Package textcomp Info: Setting augie sub-encoding to TS1/5 on input line 370.
Package textcomp Info: Setting dayrom sub-encoding to TS1/3 on input line 371.
Package textcomp Info: Setting dayroms sub-encoding to TS1/3 on input line 372.

Package textcomp Info: Setting pxr sub-encoding to TS1/0 on input line 373.
Package textcomp Info: Setting pxss sub-encoding to TS1/0 on input line 374.
Package textcomp Info: Setting pxtt sub-encoding to TS1/0 on input line 375.
Package textcomp Info: Setting txr sub-encoding to TS1/0 on input line 376.
Package textcomp Info: Setting txss sub-encoding to TS1/0 on input line 377.
Package textcomp Info: Setting txtt sub-encoding to TS1/0 on input line 378.
Package textcomp Info: Setting lmr sub-encoding to TS1/0 on input line 379.
Package textcomp Info: Setting lmdh sub-encoding to TS1/0 on input line 380.
Package textcomp Info: Setting lmss sub-encoding to TS1/0 on input line 381.
Package textcomp Info: Setting lmssq sub-encoding to TS1/0 on input line 382.
Package textcomp Info: Setting lmvtt sub-encoding to TS1/0 on input line 383.
Package textcomp Info: Setting lmtt sub-encoding to TS1/0 on input line 384.
Package textcomp Info: Setting qhv sub-encoding to TS1/0 on input line 385.
Package textcomp Info: Setting qag sub-encoding to TS1/0 on input line 386.
Package textcomp Info: Setting qbk sub-encoding to TS1/0 on input line 387.
Package textcomp Info: Setting qcr sub-encoding to TS1/0 on input line 388.
Package textcomp Info: Setting qcs sub-encoding to TS1/0 on input line 389.
Package textcomp Info: Setting qpl sub-encoding to TS1/0 on input line 390.
Package textcomp Info: Setting qtm sub-encoding to TS1/0 on input line 391.
Package textcomp Info: Setting qzc sub-encoding to TS1/0 on input line 392.
Package textcomp Info: Setting qhvc sub-encoding to TS1/0 on input line 393.
Package textcomp Info: Setting futs sub-encoding to TS1/4 on input line 394.
Package textcomp Info: Setting futx sub-encoding to TS1/4 on input line 395.
Package textcomp Info: Setting futj sub-encoding to TS1/4 on input line 396.
Package textcomp Info: Setting hlh sub-encoding to TS1/3 on input line 397.
Package textcomp Info: Setting hls sub-encoding to TS1/3 on input line 398.
Package textcomp Info: Setting hlst sub-encoding to TS1/3 on input line 399.
Package textcomp Info: Setting hlct sub-encoding to TS1/5 on input line 400.
Package textcomp Info: Setting hlx sub-encoding to TS1/5 on input line 401.
Package textcomp Info: Setting hlce sub-encoding to TS1/5 on input line 402.
Package textcomp Info: Setting hlcn sub-encoding to TS1/5 on input line 403.
Package textcomp Info: Setting hlcw sub-encoding to TS1/5 on input line 404.
Package textcomp Info: Setting hlcf sub-encoding to TS1/5 on input line 405.
Package textcomp Info: Setting pplx sub-encoding to TS1/3 on input line 406.
Package textcomp Info: Setting pplj sub-encoding to TS1/3 on input line 407.
Package textcomp Info: Setting ptmx sub-encoding to TS1/4 on input line 408.
Package textcomp Info: Setting ptmj sub-encoding to TS1/4 on input line 409.
))
("C:\Program Files\MiKTeX 2.9\tex\latex\newtx\newtxmath.sty"
Package: newtxmath 2017/09/11 v1.527

`newtxmath' v1.527, 2017/09/11 Math macros based on txfonts (msharpe)
("C:\Program Files\MiKTeX 2.9\tex\latex\amsmath\amsmath.sty"
Package: amsmath 2016/11/05 v2.16a AMS math features
\@mathmargin=\skip41

For additional information on amsmath, use the `?' option.
("C:\Program Files\MiKTeX 2.9\tex\latex\amsmath\amstext.sty"
Package: amstext 2000/06/29 v2.01 AMS text

("C:\Program Files\MiKTeX 2.9\tex\latex\amsmath\amsgen.sty"
File: amsgen.sty 1999/11/30 v2.0 generic functions
\@emptytoks=\toks16
\ex@=\dimen103
))
("C:\Program Files\MiKTeX 2.9\tex\latex\amsmath\amsbsy.sty"
Package: amsbsy 1999/11/29 v1.2d Bold Symbols
\pmbraise@=\dimen104
)
("C:\Program Files\MiKTeX 2.9\tex\latex\amsmath\amsopn.sty"
Package: amsopn 2016/03/08 v2.02 operator names
)
\inf@bad=\count81
LaTeX Info: Redefining \frac on input line 213.
\uproot@=\count82
\leftroot@=\count83
LaTeX Info: Redefining \overline on input line 375.
\classnum@=\count84
\DOTSCASE@=\count85
LaTeX Info: Redefining \ldots on input line 472.
LaTeX Info: Redefining \dots on input line 475.
LaTeX Info: Redefining \cdots on input line 596.
\Mathstrutbox@=\box26
\strutbox@=\box27
\big@size=\dimen105
LaTeX Font Info:    Redeclaring font encoding OML on input line 712.
LaTeX Font Info:    Redeclaring font encoding OMS on input line 713.
\macc@depth=\count86
\c@MaxMatrixCols=\count87
\dotsspace@=\muskip10
\c@parentequation=\count88
\dspbrk@lvl=\count89
\tag@help=\toks17
\row@=\count90
\column@=\count91
\maxfields@=\count92
\andhelp@=\toks18
\eqnshift@=\dimen106
\alignsep@=\dimen107
\tagshift@=\dimen108
\tagwidth@=\dimen109
\totwidth@=\dimen110
\lineht@=\dimen111
\@envbody=\toks19
\multlinegap=\skip42
\multlinetaggap=\skip43
\mathdisplay@stack=\toks20
LaTeX Info: Redefining \[ on input line 2817.
LaTeX Info: Redefining \] on input line 2818.
)
("C:\Program Files\MiKTeX 2.9\tex\generic\ifxetex\ifxetex.sty"
Package: ifxetex 2010/09/12 v0.6 Provides ifxetex conditional
)
("C:\Program Files\MiKTeX 2.9\tex\generic\oberdiek\ifluatex.sty"
Package: ifluatex 2016/05/16 v1.4 Provides the ifluatex switch (HO)
Package ifluatex Info: LuaTeX not detected.
)
("C:\Program Files\MiKTeX 2.9\tex\generic\binhex\binhex.tex")
\tx@Isdigit=\count93
LaTeX Font Info:    Redeclaring symbol font `operators' on input line 155.
LaTeX Font Info:    Overwriting symbol font `operators' in version `normal'
(Font)                  OT1/cmr/m/n --> OT1/ntxtlf/m/n on input line 155.
LaTeX Font Info:    Overwriting symbol font `operators' in version `bold'
(Font)                  OT1/cmr/bx/n --> OT1/ntxtlf/m/n on input line 155.
LaTeX Font Info:    Overwriting symbol font `operators' in version `bold'
(Font)                  OT1/ntxtlf/m/n --> OT1/ntxtlf/b/n on input line 156.
LaTeX Font Info:    Redeclaring math alphabet \mathsf on input line 162.
LaTeX Font Info:    Overwriting math alphabet `\mathsf' in version `normal'
(Font)                  OT1/cmss/m/n --> T1/qhv/m/n on input line 162.
LaTeX Font Info:    Overwriting math alphabet `\mathsf' in version `bold'
(Font)                  OT1/cmss/bx/n --> T1/qhv/m/n on input line 162.
LaTeX Font Info:    Redeclaring math alphabet \mathit on input line 163.
LaTeX Font Info:    Overwriting math alphabet `\mathit' in version `normal'
(Font)                  OT1/cmr/m/it --> OT1/ntxtlf/m/it on input line 163.
LaTeX Font Info:    Overwriting math alphabet `\mathit' in version `bold'
(Font)                  OT1/cmr/bx/it --> OT1/ntxtlf/m/it on input line 163.
LaTeX Font Info:    Redeclaring math alphabet \mathtt on input line 164.
LaTeX Font Info:    Overwriting math alphabet `\mathtt' in version `normal'
(Font)                  OT1/cmtt/m/n --> T1/ntxtt/m/n on input line 164.
LaTeX Font Info:    Overwriting math alphabet `\mathtt' in version `bold'
(Font)                  OT1/cmtt/m/n --> T1/ntxtt/m/n on input line 164.
LaTeX Font Info:    Redeclaring math alphabet \mathbf on input line 166.
LaTeX Font Info:    Overwriting math alphabet `\mathbf' in version `normal'
(Font)                  OT1/cmr/bx/n --> OT1/ntxtlf/b/n on input line 166.
LaTeX Font Info:    Overwriting math alphabet `\mathbf' in version `bold'
(Font)                  OT1/cmr/bx/n --> OT1/ntxtlf/b/n on input line 166.
LaTeX Font Info:    Overwriting math alphabet `\mathit' in version `bold'
(Font)                  OT1/ntxtlf/m/it --> OT1/ntxtlf/b/it on input line 167.
LaTeX Font Info:    Overwriting math alphabet `\mathsf' in version `bold'
(Font)                  T1/qhv/m/n --> T1/qhv/b/n on input line 168.
LaTeX Font Info:    Overwriting math alphabet `\mathtt' in version `bold'
(Font)                  T1/ntxtt/m/n --> T1/ntxtt/b/n on input line 169.
LaTeX Font Info:    Redeclaring symbol font `letters' on input line 220.
LaTeX Font Info:    Overwriting symbol font `letters' in version `normal'
(Font)                  OML/cmm/m/it --> OML/ntxmi/m/it on input line 220.
LaTeX Font Info:    Overwriting symbol font `letters' in version `bold'
(Font)                  OML/cmm/b/it --> OML/ntxmi/m/it on input line 220.
LaTeX Font Info:    Overwriting symbol font `letters' in version `bold'
(Font)                  OML/ntxmi/m/it --> OML/ntxmi/b/it on input line 221.
\symlettersA=\mathgroup4
LaTeX Font Info:    Overwriting symbol font `lettersA' in version `bold'
(Font)                  U/ntxmia/m/it --> U/ntxmia/b/it on input line 237.
LaTeX Font Info:    Redeclaring symbol font `symbols' on input line 258.
LaTeX Font Info:    Encoding `OMS' has changed to `LMS' for symbol font
(Font)              `symbols' in the math version `normal' on input line 258.
LaTeX Font Info:    Overwriting symbol font `symbols' in version `normal'
(Font)                  OMS/cmsy/m/n --> LMS/ntxsy/m/n on input line 258.
LaTeX Font Info:    Encoding `OMS' has changed to `LMS' for symbol font
(Font)              `symbols' in the math version `bold' on input line 258.
LaTeX Font Info:    Overwriting symbol font `symbols' in version `bold'
(Font)                  OMS/cmsy/b/n --> LMS/ntxsy/m/n on input line 258.
LaTeX Font Info:    Overwriting symbol font `symbols' in version `bold'
(Font)                  LMS/ntxsy/m/n --> LMS/ntxsy/b/n on input line 259.
\symAMSm=\mathgroup5
LaTeX Font Info:    Overwriting symbol font `AMSm' in version `bold'
(Font)                  U/ntxsym/m/n --> U/ntxsym/b/n on input line 282.
\symsymbolsC=\mathgroup6
LaTeX Font Info:    Overwriting symbol font `symbolsC' in version `bold'
(Font)                  U/ntxsyc/m/n --> U/ntxsyc/b/n on input line 303.
LaTeX Font Info:    Redeclaring symbol font `largesymbols' on input line 316.
LaTeX Font Info:    Encoding `OMX' has changed to `LMX' for symbol font
(Font)              `largesymbols' in the math version `normal' on input line 3
16.
LaTeX Font Info:    Overwriting symbol font `largesymbols' in version `normal'
(Font)                  OMX/cmex/m/n --> LMX/ntxexx/m/n on input line 316.
LaTeX Font Info:    Encoding `OMX' has changed to `LMX' for symbol font
(Font)              `largesymbols' in the math version `bold' on input line 316
.
LaTeX Font Info:    Overwriting symbol font `largesymbols' in version `bold'
(Font)                  OMX/cmex/m/n --> LMX/ntxexx/m/n on input line 316.
LaTeX Font Info:    Overwriting symbol font `largesymbols' in version `bold'
(Font)                  LMX/ntxexx/m/n --> LMX/ntxexx/b/n on input line 317.
\symlargesymbolsTXA=\mathgroup7
LaTeX Font Info:    Overwriting symbol font `largesymbolsTXA' in version `bold'

(Font)                  U/ntxexa/m/n --> U/ntxexa/b/n on input line 331.
LaTeX Font Info:    Redeclaring math delimiter \lgroup on input line 502.
LaTeX Font Info:    Redeclaring math delimiter \rgroup on input line 503.
LaTeX Font Info:    Redeclaring math delimiter \lmoustache on input line 504.
LaTeX Font Info:    Redeclaring math delimiter \rmoustache on input line 505.
LaTeX Font Info:    Redeclaring math delimiter \lfloor on input line 511.
LaTeX Font Info:    Redeclaring math delimiter \rfloor on input line 512.
LaTeX Font Info:    Redeclaring math delimiter \lceil on input line 513.
LaTeX Font Info:    Redeclaring math delimiter \rceil on input line 514.
LaTeX Font Info:    Redeclaring math delimiter \lbrace on input line 515.
LaTeX Font Info:    Redeclaring math delimiter \rbrace on input line 516.
LaTeX Font Info:    Redeclaring math delimiter \langle on input line 517.
LaTeX Font Info:    Redeclaring math delimiter \rangle on input line 519.
LaTeX Font Info:    Redeclaring math symbol \mid on input line 521.
LaTeX Font Info:    Redeclaring math delimiter \arrowvert on input line 523.
LaTeX Font Info:    Redeclaring math delimiter \vert on input line 524.
LaTeX Font Info:    Redeclaring math symbol \parallel on input line 525.
LaTeX Font Info:    Redeclaring math delimiter \Arrowvert on input line 526.
LaTeX Font Info:    Redeclaring math delimiter \Vert on input line 527.
LaTeX Font Info:    Redeclaring math delimiter \updownarrow on input line 529.
LaTeX Font Info:    Redeclaring math delimiter \Updownarrow on input line 530.
LaTeX Font Info:    Redeclaring math delimiter \lvert on input line 535.
LaTeX Font Info:    Redeclaring math delimiter \rvert on input line 536.
LaTeX Font Info:    Redeclaring math delimiter \lVert on input line 537.
LaTeX Font Info:    Redeclaring math delimiter \rVert on input line 538.
LaTeX Info: Redefining \not on input line 2102.
)
("C:\Program Files\MiKTeX 2.9\tex\latex\graphics\graphicx.sty"
Package: graphicx 2014/10/28 v1.0g Enhanced LaTeX Graphics (DPC,SPQR)

("C:\Program Files\MiKTeX 2.9\tex\latex\graphics\graphics.sty"
Package: graphics 2017/04/14 v1.1b Standard LaTeX Graphics (DPC,SPQR)

("C:\Program Files\MiKTeX 2.9\tex\latex\graphics\trig.sty"
Package: trig 2016/01/03 v1.10 sin cos tan (DPC)
)
("C:\Program Files\MiKTeX 2.9\tex\latex\graphics-cfg\graphics.cfg"
File: graphics.cfg 2016/06/04 v1.11 sample graphics configuration
)
Package graphics Info: Driver file: pdftex.def on input line 99.

("C:\Program Files\MiKTeX 2.9\tex\latex\graphics-def\pdftex.def"
File: pdftex.def 2017/01/12 v0.06k Graphics/color for pdfTeX

("C:\Program Files\MiKTeX 2.9\tex\generic\oberdiek\infwarerr.sty"
Package: infwarerr 2016/05/16 v1.4 Providing info/warning/error messages (HO)
)
("C:\Program Files\MiKTeX 2.9\tex\generic\oberdiek\ltxcmds.sty"
Package: ltxcmds 2016/05/16 v1.23 LaTeX kernel commands for general use (HO)
)
\Gread@gobject=\count94
))
\Gin@req@height=\dimen112
\Gin@req@width=\dimen113
)
("C:\Program Files\MiKTeX 2.9\tex\latex\xcolor\xcolor.sty"
Package: xcolor 2016/05/11 v2.12 LaTeX color extensions (UK)

("C:\Program Files\MiKTeX 2.9\tex\latex\graphics-cfg\color.cfg"
File: color.cfg 2016/01/02 v1.6 sample color configuration
)
Package xcolor Info: Driver file: pdftex.def on input line 225.
Package xcolor Info: Model `cmy' substituted by `cmy0' on input line 1348.
Package xcolor Info: Model `hsb' substituted by `rgb' on input line 1352.
Package xcolor Info: Model `RGB' extended on input line 1364.
Package xcolor Info: Model `HTML' substituted by `rgb' on input line 1366.
Package xcolor Info: Model `Hsb' substituted by `hsb' on input line 1367.
Package xcolor Info: Model `tHsb' substituted by `hsb' on input line 1368.
Package xcolor Info: Model `HSB' substituted by `hsb' on input line 1369.
Package xcolor Info: Model `Gray' substituted by `gray' on input line 1370.
Package xcolor Info: Model `wave' substituted by `hsb' on input line 1371.
)
("C:\Program Files\MiKTeX 2.9\tex\latex\lineno\lineno.sty"
Package: lineno 2005/11/02 line numbers on paragraphs v4.41
\linenopenalty=\count95
\output=\toks21
\linenoprevgraf=\count96
\linenumbersep=\dimen114
\linenumberwidth=\dimen115
\c@linenumber=\count97
\c@pagewiselinenumber=\count98
\c@LN@truepage=\count99
\c@internallinenumber=\count100
\c@internallinenumbers=\count101
\quotelinenumbersep=\dimen116
\bframerule=\dimen117
\bframesep=\dimen118
\bframebox=\box28
LaTeX Info: Redefining \\ on input line 3056.
)
("C:\Program Files\MiKTeX 2.9\tex\latex\tools\indentfirst.sty"
Package: indentfirst 1995/11/23 v1.03 Indent first paragraph (DPC)
)
("C:\Program Files\MiKTeX 2.9\tex\latex\ms\ragged2e.sty"
Package: ragged2e 2009/05/21 v2.1 ragged2e Package (MS)

("C:\Program Files\MiKTeX 2.9\tex\latex\ms\everysel.sty"
Package: everysel 2011/10/28 v1.2 EverySelectfont Package (MS)
)
\CenteringLeftskip=\skip44
\RaggedLeftLeftskip=\skip45
\RaggedRightLeftskip=\skip46
\CenteringRightskip=\skip47
\RaggedLeftRightskip=\skip48
\RaggedRightRightskip=\skip49
\CenteringParfillskip=\skip50
\RaggedLeftParfillskip=\skip51
\RaggedRightParfillskip=\skip52
\JustifyingParfillskip=\skip53
\CenteringParindent=\skip54
\RaggedLeftParindent=\skip55
\RaggedRightParindent=\skip56
\JustifyingParindent=\skip57
)
("C:\Program Files\MiKTeX 2.9\tex\latex\graphics\rotating.sty"
Package: rotating 2016/08/11 v2.16d rotated objects in LaTeX

("C:\Program Files\MiKTeX 2.9\tex\latex\base\ifthen.sty"
Package: ifthen 2014/09/29 v1.1c Standard LaTeX ifthen package (DPC)
)
\c@r@tfl@t=\count102
\rotFPtop=\skip58
\rotFPbot=\skip59
\rot@float@box=\box29
\rot@mess@toks=\toks22
)
("C:\Program Files\MiKTeX 2.9\tex\latex\ulem\ulem.sty"
\UL@box=\box30
\UL@hyphenbox=\box31
\UL@skip=\skip60
\UL@hook=\toks23
\UL@height=\dimen119
\UL@pe=\count103
\UL@pixel=\dimen120
\ULC@box=\box32
Package: ulem 2012/05/18
\ULdepth=\dimen121
)
\draftskip=\count104
\c@section=\count105
\c@subsection=\count106
\c@subsubsection=\count107
\c@paragraph=\count108
\c@subparagraph=\count109
\c@figure=\count110
\c@table=\count111
\abovecaptionskip=\skip61
\belowcaptionskip=\skip62
\c@appendnum=\count112
\bibindent=\dimen122

("C:\Program Files\MiKTeX 2.9\tex\latex\natbib\natbib.sty"
Package: natbib 2010/09/13 8.31b (PWD, AO)
\bibhang=\skip63
\bibsep=\skip64
LaTeX Info: Redefining \cite on input line 694.
\c@NAT@ctr=\count113
)
\refchangenumber=\count114
\listchangenum=\count115
)
("C:\Program Files\MiKTeX 2.9\tex\latex\url\url.sty"
\Urlmuskip=\muskip11
Package: url 2013/09/16  ver 3.4  Verb mode for urls, etc.
)
("C:\Program Files\MiKTeX 2.9\tex\latex\upquote\upquote.sty"
Package: upquote 2012/04/19 v1.3 upright-quote and grave-accent glyphs in verba
tim
)
("C:\Program Files\MiKTeX 2.9\tex\latex\tools\bm.sty"
Package: bm 2017/01/16 v1.2c Bold Symbol Support (DPC/FMi)
\symboldoperators=\mathgroup8
\symboldletters=\mathgroup9
\symboldsymbols=\mathgroup10
\symboldlargesymbols=\mathgroup11
LaTeX Font Info:    Redeclaring math alphabet \mathbf on input line 141.
LaTeX Info: Redefining \bm on input line 207.
)
(C:/PROGRA~1/R/R-34~1.2/share/texmf/tex/latex\Sweave.sty
Package: Sweave 

("C:\Program Files\MiKTeX 2.9\tex\latex\fancyvrb\fancyvrb.sty"
Package: fancyvrb 2008/02/07

Style option: `fancyvrb' v2.7a, with DG/SPQR fixes, and firstline=lastline fix 
<2008/02/07> (tvz)
\FV@CodeLineNo=\count116
\FV@InFile=\read1
\FV@TabBox=\box33
\c@FancyVerbLine=\count117
\FV@StepNumber=\count118
\FV@OutFile=\write3
) ("C:\Program Files\MiKTeX 2.9\tex\latex\base\fontenc.sty"
Package: fontenc 2017/04/05 v2.0i Standard LaTeX package

("C:\Program Files\MiKTeX 2.9\tex\latex\base\t1enc.def"
File: t1enc.def 2017/04/05 v2.0i Standard LaTeX file
LaTeX Font Info:    Redeclaring font encoding T1 on input line 48.
))
("C:\Program Files\MiKTeX 2.9\tex\latex\ae\ae.sty"
Package: ae 2001/02/12 1.3 Almost European Computer Modern

("C:\Program Files\MiKTeX 2.9\tex\latex\base\fontenc.sty"
Package: fontenc 2017/04/05 v2.0i Standard LaTeX package

("C:\Program Files\MiKTeX 2.9\tex\latex\base\t1enc.def"
File: t1enc.def 2017/04/05 v2.0i Standard LaTeX file
LaTeX Font Info:    Redeclaring font encoding T1 on input line 48.
)
LaTeX Font Info:    Try loading font information for T1+aer on input line 105.

("C:\Program Files\MiKTeX 2.9\tex\latex\ae\t1aer.fd"
File: t1aer.fd 1997/11/16 Font definitions for T1/aer.
))))
LaTeX Font Info:    Try loading font information for T1+ntxtlf on input line 13
.

("C:\Program Files\MiKTeX 2.9\tex\latex\newtx\t1ntxtlf.fd"
File: t1ntxtlf.fd 2015/01/17 v1.0 font definition file for T1/ntx/tlf
)
LaTeX Font Info:    Font shape `T1/ntxtlf/m/n' will be
(Font)              scaled to size 10.0pt on input line 13.

(chap3_paper_new.aux)
\openout1 = `chap3_paper_new.aux'.

LaTeX Font Info:    Checking defaults for OML/ntxmi/m/it on input line 13.
LaTeX Font Info:    Try loading font information for OML+ntxmi on input line 13
.
 ("C:\Program Files\MiKTeX 2.9\tex\latex\newtx\omlntxmi.fd"
File: omlntxmi.fd 2015/08/25 Fontinst v1.933 font definitions for OML/ntxmi.
)
LaTeX Font Info:    ... okay on input line 13.
LaTeX Font Info:    Checking defaults for T1/cmr/m/n on input line 13.
LaTeX Font Info:    ... okay on input line 13.
LaTeX Font Info:    Checking defaults for OT1/cmr/m/n on input line 13.
LaTeX Font Info:    ... okay on input line 13.
LaTeX Font Info:    Checking defaults for OMS/cmsy/m/n on input line 13.
LaTeX Font Info:    ... okay on input line 13.
LaTeX Font Info:    Checking defaults for OMX/cmex/m/n on input line 13.
LaTeX Font Info:    ... okay on input line 13.
LaTeX Font Info:    Checking defaults for U/ntxexa/m/n on input line 13.
LaTeX Font Info:    Try loading font information for U+ntxexa on input line 13.

 ("C:\Program Files\MiKTeX 2.9\tex\latex\newtx\untxexa.fd"
File: untxexa.fd 2012/04/16 Fontinst v1.933 font definitions for U/ntxexa.
)
LaTeX Font Info:    ... okay on input line 13.
LaTeX Font Info:    Checking defaults for TS1/cmr/m/n on input line 13.
LaTeX Font Info:    Try loading font information for TS1+cmr on input line 13.

("C:\Program Files\MiKTeX 2.9\tex\latex\base\ts1cmr.fd"
File: ts1cmr.fd 2014/09/29 v2.5h Standard LaTeX font definitions
)
LaTeX Font Info:    ... okay on input line 13.
LaTeX Font Info:    Checking defaults for LMS/ntxsy/m/n on input line 13.
LaTeX Font Info:    Try loading font information for LMS+ntxsy on input line 13
.

("C:\Program Files\MiKTeX 2.9\tex\latex\newtx\lmsntxsy.fd"
File: lmsntxsy.fd 2016/07/02 Fontinst v1.933 font definitions for LMS/ntxsy.
)
LaTeX Font Info:    ... okay on input line 13.
LaTeX Font Info:    Checking defaults for LMX/ntxexx/m/n on input line 13.
LaTeX Font Info:    Try loading font information for LMX+ntxexx on input line 1
3.

("C:\Program Files\MiKTeX 2.9\tex\latex\newtx\lmxntxexx.fd"
File: lmxntxexx.fd 2016/07/03 Fontinst v1.933 font definitions for LMX/ntxexx.
)
LaTeX Font Info:    ... okay on input line 13.
\c@mv@tabular=\count119
\c@mv@boldtabular=\count120

("C:\Program Files\MiKTeX 2.9\tex\context\base\supp-pdf.mkii"
[Loading MPS to PDF converter (version 2006.09.02).]
\scratchcounter=\count121
\scratchdimen=\dimen123
\scratchbox=\box34
\nofMPsegments=\count122
\nofMParguments=\count123
\everyMPshowfont=\toks24
\MPscratchCnt=\count124
\MPscratchDim=\dimen124
\MPnumerator=\count125
\makeMPintoPDFobject=\count126
\everyMPtoPDFconversion=\toks25
) ("C:\Program Files\MiKTeX 2.9\tex\generic\oberdiek\pdftexcmds.sty"
Package: pdftexcmds 2017/03/19 v0.25 Utility functions of pdfTeX for LuaTeX (HO
)

("C:\Program Files\MiKTeX 2.9\tex\generic\oberdiek\ifpdf.sty"
Package: ifpdf 2017/03/15 v3.2 Provides the ifpdf switch
)
Package pdftexcmds Info: LuaTeX not detected.
Package pdftexcmds Info: \pdf@primitive is available.
Package pdftexcmds Info: \pdf@ifprimitive is available.
Package pdftexcmds Info: \pdfdraftmode found.
)
("C:\Program Files\MiKTeX 2.9\tex\latex\oberdiek\epstopdf-base.sty"
Package: epstopdf-base 2016/05/15 v2.6 Base part for package epstopdf

("C:\Program Files\MiKTeX 2.9\tex\latex\oberdiek\grfext.sty"
Package: grfext 2016/05/16 v1.2 Manage graphics extensions (HO)

("C:\Program Files\MiKTeX 2.9\tex\generic\oberdiek\kvdefinekeys.sty"
Package: kvdefinekeys 2016/05/16 v1.4 Define keys (HO)
))
("C:\Program Files\MiKTeX 2.9\tex\latex\oberdiek\kvoptions.sty"
Package: kvoptions 2016/05/16 v3.12 Key value format for package options (HO)

("C:\Program Files\MiKTeX 2.9\tex\generic\oberdiek\kvsetkeys.sty"
Package: kvsetkeys 2016/05/16 v1.17 Key value parser (HO)

("C:\Program Files\MiKTeX 2.9\tex\generic\oberdiek\etexcmds.sty"
Package: etexcmds 2016/05/16 v1.6 Avoid name clashes with e-TeX commands (HO)
Package etexcmds Info: Could not find \expanded.
(etexcmds)             That can mean that you are not using pdfTeX 1.50 or
(etexcmds)             that some package has redefined \expanded.
(etexcmds)             In the latter case, load this package earlier.
)))
Package epstopdf-base Info: Redefining graphics rule for `.eps' on input line 4
38.
Package grfext Info: Graphics extension search list:
(grfext)             [.png,.pdf,.jpg,.mps,.jpeg,.jbig2,.jb2,.PNG,.PDF,.JPG,.JPE
G,.JBIG2,.JB2,.eps]
(grfext)             \AppendGraphicsExtensions on input line 456.
)
ABD: EverySelectfont initializing macros
LaTeX Info: Redefining \selectfont on input line 13.
 (chap3_paper_new-concordance.tex)
LaTeX Font Info:    Font shape `T1/ntxtlf/m/n' will be
(Font)              scaled to size 14.4pt on input line 16.
LaTeX Font Info:    Font shape `T1/ntxtlf/bx/n' in size <14.4> not available
(Font)              Font shape `T1/ntxtlf/b/n' tried instead on input line 16.
LaTeX Font Info:    Font shape `T1/ntxtlf/b/n' will be
(Font)              scaled to size 14.4pt on input line 16.
LaTeX Font Info:    Font shape `T1/ntxtlf/m/n' will be
(Font)              scaled to size 5.0pt on input line 16.
LaTeX Font Info:    Try loading font information for T1+aess on input line 16.

("C:\Program Files\MiKTeX 2.9\tex\latex\ae\t1aess.fd"
File: t1aess.fd 1997/11/16 Font definitions for T1/aess.
)
LaTeX Font Info:    Font shape `T1/ntxtlf/bx/n' in size <10> not available
(Font)              Font shape `T1/ntxtlf/b/n' tried instead on input line 18.
LaTeX Font Info:    Font shape `T1/ntxtlf/b/n' will be
(Font)              scaled to size 10.0pt on input line 18.
LaTeX Font Info:    Try loading font information for OT1+ntxtlf on input line 1
8.

("C:\Program Files\MiKTeX 2.9\tex\latex\newtx\ot1ntxtlf.fd"
File: ot1ntxtlf.fd 2015/01/17 v1.0 font definition file for OT1/ntx/tlf
)
LaTeX Font Info:    Font shape `OT1/ntxtlf/m/n' will be
(Font)              scaled to size 10.0pt on input line 18.
LaTeX Font Info:    Font shape `OT1/ntxtlf/m/n' will be
(Font)              scaled to size 7.3pt on input line 18.
LaTeX Font Info:    Font shape `OT1/ntxtlf/m/n' will be
(Font)              scaled to size 5.5pt on input line 18.
LaTeX Font Info:    Try loading font information for U+ntxmia on input line 18.


("C:\Program Files\MiKTeX 2.9\tex\latex\newtx\untxmia.fd"
File: untxmia.fd 2016/01/31 Fontinst v1.933 font definitions for U/ntxmia.
)
LaTeX Font Info:    Try loading font information for U+ntxsym on input line 18.


("C:\Program Files\MiKTeX 2.9\tex\latex\newtx\untxsym.fd"
File: untxsym.fd 2015/03/20 Fontinst v1.933 font definitions for U/ntxsym.
)
LaTeX Font Info:    Try loading font information for U+ntxsyc on input line 18.


("C:\Program Files\MiKTeX 2.9\tex\latex\newtx\untxsyc.fd"
File: untxsyc.fd 2012/04/12 Fontinst v1.933 font definitions for U/ntxsyc.
)
LaTeX Font Info:    Font shape `OT1/ntxtlf/b/n' will be
(Font)              scaled to size 10.0pt on input line 18.
LaTeX Font Info:    Font shape `OT1/ntxtlf/b/n' will be
(Font)              scaled to size 7.3pt on input line 18.
LaTeX Font Info:    Font shape `OT1/ntxtlf/b/n' will be
(Font)              scaled to size 5.5pt on input line 18.
LaTeX Font Info:    Font shape `T1/ntxtlf/m/n' will be
(Font)              scaled to size 8.0pt on input line 20.
LaTeX Font Info:    Font shape `OT1/ntxtlf/m/n' will be
(Font)              scaled to size 8.0pt on input line 20.
LaTeX Font Info:    Font shape `OT1/ntxtlf/m/n' will be
(Font)              scaled to size 6.2pt on input line 20.
LaTeX Font Info:    Font shape `OT1/ntxtlf/b/n' will be
(Font)              scaled to size 8.0pt on input line 20.
LaTeX Font Info:    Font shape `OT1/ntxtlf/b/n' will be
(Font)              scaled to size 6.2pt on input line 20.
LaTeX Font Info:    Try loading font information for T1+ntxsups on input line 2
1.

("C:\Program Files\MiKTeX 2.9\tex\latex\newtx\t1ntxsups.fd"
File: t1ntxsups.fd 2015/01/17 v1.0
)
LaTeX Font Info:    Font shape `T1/ntxsups/m/n' will be
(Font)              scaled to size 8.0pt on input line 21.
LaTeX Font Info:    Font shape `T1/ntxtlf/m/n' will be
(Font)              scaled to size 9.0pt on input line 21.
LaTeX Font Info:    Try loading font information for T1+aett on input line 21.

("C:\Program Files\MiKTeX 2.9\tex\latex\ae\t1aett.fd"
File: t1aett.fd 1997/11/16 Font definitions for T1/aett.
)
LaTeX Font Info:    Font shape `T1/ntxtlf/m/it' will be
(Font)              scaled to size 9.0pt on input line 31.
 [1{C:/ProgramData/MiKTeX/2.9/pdftex/config/pdftex.map}]
LaTeX Font Info:    Font shape `T1/ntxtlf/m/n' will be
(Font)              scaled to size 10.5pt on input line 35.
LaTeX Font Info:    Font shape `T1/ntxtlf/bx/n' in size <10.5> not available
(Font)              Font shape `T1/ntxtlf/b/n' tried instead on input line 35.
LaTeX Font Info:    Font shape `T1/ntxtlf/b/n' will be
(Font)              scaled to size 10.5pt on input line 35.
LaTeX Font Info:    Font shape `T1/ntxtlf/m/it' will be
(Font)              scaled to size 10.0pt on input line 45.

Underfull \vbox (badness 10000) has occurred while \output is active []

 [2]
<map_selreg.jpg, id=17, 844.8363pt x 597.6729pt>
File: map_selreg.jpg Graphic file (type jpg)
 <use map_selreg.jpg>
Package pdftex.def Info: map_selreg.jpg used on input line 65.
(pdftex.def)             Requested size: 422.41711pt x 298.83571pt.
LaTeX Font Info:    Font shape `T1/ntxtlf/bx/n' in size <9> not available
(Font)              Font shape `T1/ntxtlf/b/n' tried instead on input line 66.
LaTeX Font Info:    Font shape `T1/ntxtlf/b/n' will be
(Font)              scaled to size 9.0pt on input line 66.

Underfull \hbox (badness 10000) in paragraph at lines 66--66
[]\T1/ntxtlf/b/n/9 Figure  1. \T1/ntxtlf/m/n/9 Se-lected study re-gions are hig
h-lighted by red rect-an-gles in the main map (the red rect-an-gle in
 []


Underfull \hbox (badness 10000) in paragraph at lines 66--66
\T1/ntxtlf/m/n/9 the in-sert in-di-cates the lo-ca-tion of the main map). The t
ypes of tree cover in 2008 from the DLCD prod-uct is
 []


Underfull \hbox (badness 10000) in paragraph at lines 66--66
\T1/ntxtlf/m/n/9 shown at the back-ground. In site 1 (the QLD re-gion), the tre
e cover is mostly sparse. In site 2 (the NSW/VIC
 []


Underfull \vbox (badness 10000) has occurred while \output is active []

 [3]
<bushfire_nswvic.pdf, id=21, 505.89pt x 505.89pt>
File: bushfire_nswvic.pdf Graphic file (type pdf)
 <use bushfire_nswvic.pdf>
Package pdftex.def Info: bushfire_nswvic.pdf used on input line 74.
(pdftex.def)             Requested size: 303.53633pt x 303.53633pt.

Underfull \hbox (badness 10000) in paragraph at lines 75--75
[]\T1/ntxtlf/b/n/9 Figure  2. \T1/ntxtlf/m/n/9 Lo-ca-tion of bush-fires oc-cur-
ring in Jan-uary 2003, in and around the NSW/VIC study re-gion, as
 []


Underfull \hbox (badness 10000) in paragraph at lines 75--75
\T1/ntxtlf/m/n/9 shown by the red pix-els. The map shows large area in the Kosc
iuszko na-tional park has been burned. Some
 []


Underfull \vbox (badness 10000) has occurred while \output is active []

 [4 <./map_selreg.jpg>]
Overfull \hbox (0.24535pt too wide) in paragraph at lines 83--84
\T1/ntxtlf/m/n/10 60 - 70%). The dom-i-nant species in the alpine area are Snow
 Gum and large stand species 
 []


Overfull \hbox (7.51776pt too wide) in paragraph at lines 85--86
[]\T1/ntxtlf/m/n/10 Therefore two types of land cover changes were stud-ied. Th
e re-ports from the Queens- 
 []

<tc_simple.pdf, id=26, 650.43pt x 289.08pt>
File: tc_simple.pdf Graphic file (type pdf)
 <use tc_simple.pdf>
Package pdftex.def Info: tc_simple.pdf used on input line 89.
(pdftex.def)             Requested size: 422.77449pt x 187.89977pt.

Underfull \hbox (badness 10000) in paragraph at lines 90--90
[]\T1/ntxtlf/b/n/9 Figure  3. \T1/ntxtlf/m/n/9 The ex-pected evo-lu-tion of the
 land sur-face af-ter trees have been re-moved in (a) the QLD re-gion
 []


Underfull \vbox (badness 10000) has occurred while \output is active []

 [5 <./bushfire_nswvic.pdf>]
LaTeX Font Info:    Try loading font information for TS1+ntxtlf on input line 1
03.
 ("C:\Program Files\MiKTeX 2.9\tex\latex\newtx\ts1ntxtlf.fd"
File: ts1ntxtlf.fd 2015/01/18 v1.0 fd file for TS1/ntxtlf
)
LaTeX Font Info:    Font shape `TS1/ntxtlf/m/n' will be
(Font)              scaled to size 10.0pt on input line 103.

Underfull \vbox (badness 2894) has occurred while \output is active []

 [6 <./tc_simple.pdf>]
Overfull \hbox (3.68983pt too wide) in paragraph at lines 111--112
\T1/ntxtlf/m/n/10 Sci-ence and Tech-nol-ogy) (avail-able on-line at $\T1/aett/m
/n/10 http : / / www . jamstec . go . jp / frcgc / 
 []

<mean_ts.pdf, id=48, 578.16pt x 289.08pt>
File: mean_ts.pdf Graphic file (type pdf)
 <use mean_ts.pdf>
Package pdftex.def Info: mean_ts.pdf used on input line 124.
(pdftex.def)             Requested size: 317.9892pt x 158.99448pt.

Underfull \hbox (badness 10000) in paragraph at lines 125--125
[]\T1/ntxtlf/b/n/9 Figure  4. \T1/ntxtlf/m/n/9 The de-sea-son-alised and de-tre
nded rain-fall over the 30 years pe-riod in (a) the QLD re-gion and (b)
 []


Underfull \hbox (badness 10000) in paragraph at lines 125--125
\T1/ntxtlf/m/n/9 the NSW/VIC re-gion. The ver-ti-cal red lines in-di-cate the y
ear of 2003, in which the stud-ied land cover changes
 []

LaTeX Font Info:    Font shape `T1/ntxsups/m/n' will be
(Font)              scaled to size 10.0pt on input line 134.
LaTeX Font Info:    Font shape `T1/ntxtlf/m/it' will be
(Font)              scaled to size 8.0pt on input line 134.

Underfull \vbox (badness 10000) has occurred while \output is active []

 [7]
<cor_qld.pdf, id=54, 578.16pt x 578.16pt>
File: cor_qld.pdf Graphic file (type pdf)
 <use cor_qld.pdf>
Package pdftex.def Info: cor_qld.pdf used on input line 143.
(pdftex.def)             Requested size: 346.89867pt x 346.89867pt.

Underfull \hbox (badness 10000) in paragraph at lines 144--144
[]\T1/ntxtlf/b/n/9 Figure  5. \T1/ntxtlf/m/n/9 Cross-correlation of the six in-
dices and rain-fall in QLD study re-gion. Where the cor-re-la-tions
 []


Underfull \hbox (badness 10000) in paragraph at lines 144--144
\T1/ntxtlf/m/n/9 with PDO are sought, 108-year rain-fall data (1900 - 2008) are
 used. Oth-er-wise, 30-year rain-fall data are used.
 []


Underfull \hbox (badness 10000) in paragraph at lines 144--144
\T1/ntxtlf/m/n/9 The cor-re-la-tion with NINO 3 is not shown as it is very sim-
i-lar to but weaker than the case of NINO 3.4. The
 []

<cor_nswvic.pdf, id=55, 578.16pt x 578.16pt>
File: cor_nswvic.pdf Graphic file (type pdf)
 <use cor_nswvic.pdf>
Package pdftex.def Info: cor_nswvic.pdf used on input line 151.
(pdftex.def)             Requested size: 346.89867pt x 346.89867pt.

Underfull \vbox (badness 10000) has occurred while \output is active []

 [8 <./mean_ts.pdf>]
Underfull \vbox (badness 10000) has occurred while \output is active []

 [9 <./cor_qld.pdf>] [10 <./cor_nswvic.pdf>] <hist_rain.pdf, id=92, 578.16pt x 
361.35pt>
File: hist_rain.pdf Graphic file (type pdf)

<use hist_rain.pdf>
Package pdftex.def Info: hist_rain.pdf used on input line 200.
(pdftex.def)             Requested size: 346.89867pt x 216.81168pt.

Underfull \hbox (badness 10000) in paragraph at lines 201--201
[]\T1/ntxtlf/b/n/9 Figure  7. \T1/ntxtlf/m/n/9 Dis-tri-bu-tion of monthly rain-
fall in (a) QLD and (b) NSW/VIC. By us-ing a Kolmogorov-Smirnov
 []

[11 <./hist_rain.pdf>]
LaTeX Font Info:    Font shape `T1/ntxtlf/bx/it' in size <10> not available
(Font)              Font shape `T1/ntxtlf/b/it' tried instead on input line 237
.
LaTeX Font Info:    Font shape `T1/ntxtlf/b/it' will be
(Font)              scaled to size 10.0pt on input line 237.
 [12] [13]
Underfull \hbox (badness 10000) in paragraph at lines 320--320
[]\T1/ntxtlf/b/n/9 Table 1. \T1/ntxtlf/m/n/9 The in-ter-pre-ta-tion of Z' score
 in the step trend test. Fol-low-ing \T1/ntxtlf/m/it/9 Hipel and McLeod \T1/ntx
tlf/m/n/9 [1994, Chap-ter
 []

<tc.pdf, id=113, 722.7pt x 361.35pt>
File: tc.pdf Graphic file (type pdf)
 <use tc.pdf>
Package pdftex.def Info: tc.pdf used on input line 348.
(pdftex.def)             Requested size: 469.74944pt x 234.87471pt.
LaTeX Font Info:    Font shape `OT1/ntxtlf/m/n' will be
(Font)              scaled to size 9.0pt on input line 349.
LaTeX Font Info:    Font shape `OT1/ntxtlf/b/n' will be
(Font)              scaled to size 9.0pt on input line 349.

Underfull \hbox (badness 10000) in paragraph at lines 349--349
[]\T1/ntxtlf/b/n/9 Figure  8. \T1/ntxtlf/m/n/9 The maps show the ar-eas with si
g-nif-i-cant changes in tree cover (at p $\OML/ntxmi/m/it/9 <$ \T1/ntxtlf/m/n/9
 0.1) in (a) the QLD re-gion
 []


Underfull \hbox (badness 10000) in paragraph at lines 349--349
\T1/ntxtlf/m/n/9 and (b) the NSW/VIC re-gion. The amount of change was cal-cu-l
ated as the dif-fer-ence in tree cov-ers be-fore and
 []


Underfull \hbox (badness 10000) in paragraph at lines 349--349
\T1/ntxtlf/m/n/9 af-ter the spec-i-fied land cover in-ter-ven-tion and it is sh
own as the per-cent-age of the ground area. Green colour
 []


Underfull \hbox (badness 10000) in paragraph at lines 355--355
| [][]\T1/ntxtlf/m/n/8 Here the ad-justed $\OML/ntxmi/m/it/8 R[]$ \T1/ntxtlf/m/
n/8 was re-ported. Ad-justed $\OML/ntxmi/m/it/8 R[]$ \T1/ntxtlf/m/n/8 is the co
-ef-fi-cient of de-ter-mi-na-tion, a mea-sure-ment of the amount of
 []

[14] <qld_check.pdf, id=117, 505.89pt x 505.89pt>
File: qld_check.pdf Graphic file (type pdf)
 <use qld_check.pdf>
Package pdftex.def Info: qld_check.pdf used on input line 362.
(pdftex.def)             Requested size: 404.71254pt x 404.71254pt.

<nswvic_check.pdf, id=118, 505.89pt x 505.89pt>
File: nswvic_check.pdf Graphic file (type pdf)
 <use nswvic_check.pdf>
Package pdftex.def Info: nswvic_check.pdf used on input line 370.
(pdftex.def)             Requested size: 404.71254pt x 404.71254pt.

<soi.pdf, id=119, 722.7pt x 289.08pt>
File: soi.pdf Graphic file (type pdf)
 <use soi.pdf>
Package pdftex.def Info: soi.pdf used on input line 378.
(pdftex.def)             Requested size: 469.74944pt x 187.89977pt.

Underfull \hbox (badness 10000) in paragraph at lines 379--379
[]\T1/ntxtlf/b/n/9 Figure  11. \T1/ntxtlf/m/n/9 The dis-tri-bu-tion of $\OML/nt
xmi/m/it/9 R[]$ \T1/ntxtlf/m/n/9 when rain-fall is only mod-elled by the cli-ma
te drivers. It shows the per-
 []


Underfull \hbox (badness 10000) in paragraph at lines 379--379
\T1/ntxtlf/m/n/9 cent-age of rain-fall vari-abil-ity that can be ex-plained by 
the cli-mate drivers. In the case of (a) the QLD re-gion,
 []

[15 <./tc.pdf> <./qld_check.pdf>] <Cp_30yrs.pdf, id=141, 722.7pt x 325.215pt>
File: Cp_30yrs.pdf Graphic file (type pdf)

<use Cp_30yrs.pdf>
Package pdftex.def Info: Cp_30yrs.pdf used on input line 389.
(pdftex.def)             Requested size: 433.62334pt x 195.1305pt.

Underfull \hbox (badness 10000) in paragraph at lines 390--390
[]\T1/ntxtlf/b/n/9 Figure  12. \T1/ntxtlf/m/n/9 The spa-tial dis-tri-bu-tion of
 sig-nif-i-cance of veg-e-ta-tion cover changes in the two study re-gions.
 []


Underfull \hbox (badness 10000) in paragraph at lines 390--390
\T1/ntxtlf/m/n/9 The sig-nif-i-cance of veg-e-ta-tion cover changes is as-sesse
d in the re-gres-sion model. The fig-ures re-port the p
 []


Underfull \hbox (badness 10000) in paragraph at lines 390--390
\T1/ntxtlf/m/n/9 val-ues of the co-ef-fi-cient of the land cover vari-able in t
he model at dif-fer-ent sig-nif-i-cance level. The plot of the
 []


Underfull \hbox (badness 10000) in paragraph at lines 390--390
\T1/ntxtlf/m/n/9 QLD re-gion is for the sce-nario that the af-ter change pe-rio
d started from Jan-uary 2005, as the other sce-nar-ios
 []


Underfull \vbox (badness 3746) has occurred while \output is active []

 [16 <./nswvic_check.pdf> <./soi.pdf>] <step_new.pdf, id=157, 722.7pt x 325.215
pt>
File: step_new.pdf Graphic file (type pdf)

<use step_new.pdf>
Package pdftex.def Info: step_new.pdf used on input line 405.
(pdftex.def)             Requested size: 505.88655pt x 227.64894pt.

Underfull \hbox (badness 10000) in paragraph at lines 406--406
[]\T1/ntxtlf/b/n/9 Figure  13. \T1/ntxtlf/m/n/9 Spa-tial dis-tri-bu-tion of the
 step trend test Z' statis-tics in the two study sites. The test was con-
 []


Underfull \hbox (badness 10000) in paragraph at lines 406--406
\T1/ntxtlf/m/n/9 ducted on the 30-year rain-fall data from 1979 to 2009. Warm c
olours (yel-low, or-ange and red) are for pos-i-tive
 []


Underfull \hbox (badness 10000) in paragraph at lines 406--406
\T1/ntxtlf/m/n/9 Z' val-ues which in-di-cate de-creas-ing rain-fall trend due t
o the land sur-face in-ter-ven-tion. Cold colours (light
 []


Underfull \hbox (badness 10000) in paragraph at lines 406--406
\T1/ntxtlf/m/n/9 blue to blue) are for neg-a-tive Z' val-ues which in-di-cate i
n-creas-ing rain-fall trend. The deeper the colour, the
 []


Underfull \vbox (badness 10000) has occurred while \output is active []

 [17 <./Cp_30yrs.pdf>] <slat.jpg, id=169, 722.7pt x 542.025pt>
File: slat.jpg Graphic file (type jpg)
 <use slat.jpg>
Package pdftex.def Info: slat.jpg used on input line 416.
(pdftex.def)             Requested size: 433.62334pt x 325.2175pt.

Underfull \hbox (badness 10000) in paragraph at lines 417--417
[]\T1/ntxtlf/b/n/9 Figure  14. \T1/ntxtlf/m/n/9 Woody veg-e-ta-tion clear-ing r
ate in QLD. The maps and fig-ures are ob-tained from \T1/ntxtlf/m/it/9 De-part-
ment of
 []

<compare_mean.pdf, id=170, 505.89pt x 505.89pt>
File: compare_mean.pdf Graphic file (type pdf)
 <use compare_mean.pdf>
Package pdftex.def Info: compare_mean.pdf used on input line 424.
(pdftex.def)             Requested size: 404.71254pt x 404.71254pt.

Underfull \hbox (badness 10000) in paragraph at lines 425--425
[]\T1/ntxtlf/b/n/9 Figure  15. \T1/ntxtlf/m/n/9 Box-plots of an-nual rain-fall 
(es-ti-mated based on rain-fall resid-u-als from Equa-tion 1[]) be-fore and
 []


Underfull \hbox (badness 10000) in paragraph at lines 425--425
\T1/ntxtlf/m/n/9 af-ter the land cover in-ter-ven-tion dur-ing 1998 - 2008 in t
he study re-gions. On av-er-age, the af-ter pe-riod has a
 []


Underfull \vbox (badness 10000) has occurred while \output is active []

 [18 <./step_new.pdf>] [19 <./slat.jpg>] <bt4_qld.pdf, id=190, 578.16pt x 289.0
8pt>
File: bt4_qld.pdf Graphic file (type pdf)

<use bt4_qld.pdf>
Package pdftex.def Info: bt4_qld.pdf used on input line 441.
(pdftex.def)             Requested size: 462.52863pt x 231.2643pt.

Underfull \hbox (badness 10000) in paragraph at lines 442--442
[]\T1/ntxtlf/b/n/9 Figure  16. \T1/ntxtlf/m/n/9 Per-cent-age of pix-els show-in
g sta-tis-ti-cally sig-nif-i-cant pos-i-tive Z' val-ues (left) and neg-a-tive
 []


Underfull \hbox (badness 10000) in paragraph at lines 442--442
\T1/ntxtlf/m/n/9 Z' val-ues (right) in QLD at p $\OML/ntxmi/m/it/9 <$ \T1/ntxtl
f/m/n/9 0.1. The his-togram shows the dis-tri-bu-tion of re-sults from 1000 boo
t-strap
 []

<bt4_nsw.pdf, id=191, 578.16pt x 289.08pt>
File: bt4_nsw.pdf Graphic file (type pdf)
 <use bt4_nsw.pdf>
Package pdftex.def Info: bt4_nsw.pdf used on input line 449.
(pdftex.def)             Requested size: 462.52863pt x 231.2643pt.

Underfull \hbox (badness 10000) in paragraph at lines 450--450
[]\T1/ntxtlf/b/n/9 Figure  17. \T1/ntxtlf/m/n/9 Per-cent-age of pix-els show-in
g sta-tis-ti-cally sig-nif-i-cant pos-i-tive Z' val-ues (left) and neg-a-tive Z
'
 []


Underfull \hbox (badness 10000) in paragraph at lines 450--450
\T1/ntxtlf/m/n/9 val-ues (right) in NSW/VIC at p $\OML/ntxmi/m/it/9 <$ \T1/ntxt
lf/m/n/9 0.1. The his-togram shows the dis-tri-bu-tion of re-sults from 1000 bo
ot-strap
 []


Underfull \vbox (badness 10000) has occurred while \output is active []

 [20 <./compare_mean.pdf>] [21 <./bt4_qld.pdf> <./bt4_nsw.pdf>]
Underfull \vbox (badness 10000) has occurred while \output is active []

 [22]
Overfull \hbox (2.15024pt too wide) in paragraph at lines 481--482
\T1/ntxtlf/m/n/10 change has changed lo-cal rain-fall. The semi-parametric meth
od and non-parametric method 
 []

[23] [24] (chap3_paper_new.bbl [25]
Underfull \vbox (badness 10000) has occurred while \output is active []

 [26]
Underfull \vbox (badness 10000) has occurred while \output is active []

 [27]
Underfull \hbox (badness 10000) in paragraph at lines 439--442
[]\T1/ntxtlf/m/n/10 The State Gov-ern-ment of Vic-to-ria (2011), Bush-fire his-
 
 []


Underfull \hbox (badness 10000) in paragraph at lines 439--442
\T1/ntxtlf/m/n/10 tory, Avail-able on-line at $\T1/aett/m/n/10 http : / / www .
 dse . vic . gov . au / 
 []


Underfull \vbox (badness 10000) has occurred while \output is active []

 [28])
[29] (chap3_paper_new.aux) ) 
Here is how much of TeX's memory you used:
 7304 strings out of 493323
 98557 string characters out of 3139056
 161961 words of memory out of 3000000
 10583 multiletter control sequences out of 15000+200000
 102347 words of font info for 162 fonts, out of 3000000 for 9000
 1147 hyphenation exceptions out of 8191
 41i,11n,37p,1734b,480s stack positions out of 5000i,500n,10000p,200000b,50000s
{C:/Program Files/MiKTeX 2.9/fonts/enc/dvips/newtx/
ntx-ec-tlf.enc}{C:/Program Files/MiKTeX 2.9/fonts/enc/dvips/newtx/ntx-ot1-tlf.e
nc}{C:/Program Files/MiKTeX 2.9/fonts/enc/dvips/base/8r.enc}{C:/Program Files/M
iKTeX 2.9/fonts/enc/dvips/base/ec.enc}{C:/Program Files/MiKTeX 2.9/fonts/enc/dv
ips/tex-gyre/q-ts1.enc}<C:/Program Files/MiKTeX 2.9/fonts/type1/public/amsfonts
/cm/cmss8.pfb><C:/Program Files/MiKTeX 2.9/fonts/type1/public/amsfonts/cm/cmtt1
0.pfb><C:/Program Files/MiKTeX 2.9/fonts/type1/public/amsfonts/cm/cmtt9.pfb><C:
/Program Files/MiKTeX 2.9/fonts/type1/public/newtx/ntxsups-Regular.pfb><C:/Prog
ram Files/MiKTeX 2.9/fonts/type1/public/tex-gyre/qtmb.pfb><C:/Program Files/MiK
TeX 2.9/fonts/type1/public/tex-gyre/qtmbi.pfb><C:/Program Files/MiKTeX 2.9/font
s/type1/public/tex-gyre/qtmr.pfb><C:/Program Files/MiKTeX 2.9/fonts/type1/publi
c/tex-gyre/qtmri.pfb><C:/Program Files/MiKTeX 2.9/fonts/type1/public/newtx/rntx
mi.pfb><C:/Program Files/MiKTeX 2.9/fonts/type1/public/newtx/rntxmi7.pfb><C:/Pr
ogram Files/MiKTeX 2.9/fonts/type1/public/newtx/rtxbmi-rev.pfb><C:/Program File
s/MiKTeX 2.9/fonts/type1/public/txfonts/rtxmi.pfb><C:/Program Files/MiKTeX 2.9/
fonts/type1/public/newtx/rtxmi7.pfb><C:/Program Files/MiKTeX 2.9/fonts/type1/pu
blic/txfonts/rtxr.pfb><C:/Program Files/MiKTeX 2.9/fonts/type1/public/newtx/txb
sys.pfb><C:/Program Files/MiKTeX 2.9/fonts/type1/public/newtx/txexs.pfb><C:/Pro
gram Files/MiKTeX 2.9/fonts/type1/public/txfonts/txsyc.pfb><C:/Program Files/Mi
KTeX 2.9/fonts/type1/public/newtx/txsys.pfb><C:/Program Files/MiKTeX 2.9/fonts/
type1/urw/times/utmri8a.pfb>
Output written on chap3_paper_new.pdf (29 pages, 1726657 bytes).
PDF statistics:
 310 PDF objects out of 1000 (max. 8388607)
 0 named destinations out of 1000 (max. 500000)
 96 words of extra memory for PDF output out of 10000 (max. 10000000)

